0 info it worked if it ends with ok
1 verbose cli [ 'node',
1 verbose cli   '/usr/local/bin/npm',
1 verbose cli   'install',
1 verbose cli   '-g',
1 verbose cli   'fis3-parser-less' ]
2 info using npm@1.4.28
3 info using node@v0.10.32
4 verbose cache add [ 'fis3-parser-less', null ]
5 verbose cache add name=undefined spec="fis3-parser-less" args=["fis3-parser-less",null]
6 verbose parsed url { protocol: null,
6 verbose parsed url   slashes: null,
6 verbose parsed url   auth: null,
6 verbose parsed url   host: null,
6 verbose parsed url   port: null,
6 verbose parsed url   hostname: null,
6 verbose parsed url   hash: null,
6 verbose parsed url   search: null,
6 verbose parsed url   query: null,
6 verbose parsed url   pathname: 'fis3-parser-less',
6 verbose parsed url   path: 'fis3-parser-less',
6 verbose parsed url   href: 'fis3-parser-less' }
7 silly lockFile 96b7ac9e-fis3-parser-less fis3-parser-less
8 verbose lock fis3-parser-less /Users/chaosuper/.npm/96b7ac9e-fis3-parser-less.lock
9 silly lockFile 96b7ac9e-fis3-parser-less fis3-parser-less
10 silly lockFile 96b7ac9e-fis3-parser-less fis3-parser-less
11 verbose addNamed [ 'fis3-parser-less', '' ]
12 verbose addNamed [ null, '*' ]
13 silly lockFile 52b4c8b6-fis3-parser-less fis3-parser-less@
14 verbose lock fis3-parser-less@ /Users/chaosuper/.npm/52b4c8b6-fis3-parser-less.lock
15 silly addNameRange { name: 'fis3-parser-less', range: '*', hasData: false }
16 verbose request where is /fis3-parser-less
17 verbose request registry https://registry.npmjs.org/
18 verbose request id 589e2f15c1468d6c
19 verbose url raw /fis3-parser-less
20 verbose url resolving [ 'https://registry.npmjs.org/', './fis3-parser-less' ]
21 verbose url resolved https://registry.npmjs.org/fis3-parser-less
22 verbose request where is https://registry.npmjs.org/fis3-parser-less
23 info trying registry request attempt 1 at 23:26:28
24 http GET https://registry.npmjs.org/fis3-parser-less
25 http 404 https://registry.npmjs.org/fis3-parser-less
26 silly registry.get cb [ 404,
26 silly registry.get   { 'content-type': 'application/json',
26 silly registry.get     'cache-control': 'max-age=0',
26 silly registry.get     'content-length': '2',
26 silly registry.get     'accept-ranges': 'bytes',
26 silly registry.get     date: 'Thu, 20 Aug 2015 15:26:29 GMT',
26 silly registry.get     via: '1.1 varnish',
26 silly registry.get     age: '0',
26 silly registry.get     connection: 'keep-alive',
26 silly registry.get     'x-served-by': 'cache-itm7424-ITM',
26 silly registry.get     'x-cache': 'MISS',
26 silly registry.get     'x-cache-hits': '0',
26 silly registry.get     'x-timer': 'S1440084388.999903,VS0,VE137' } ]
27 silly lockFile 52b4c8b6-fis3-parser-less fis3-parser-less@
28 silly lockFile 52b4c8b6-fis3-parser-less fis3-parser-less@
29 error 404 Not Found
29 error 404
29 error 404 'fis3-parser-less' is not in the npm registry.
29 error 404 You should bug the author to publish it
29 error 404
29 error 404 Note that you can also install from a
29 error 404 tarball, folder, or http url, or git url.
30 error System Darwin 14.1.0
31 error command "node" "/usr/local/bin/npm" "install" "-g" "fis3-parser-less"
32 error cwd /Users/chaosuper/migrate_project/fe_www
33 error node -v v0.10.32
34 error npm -v 1.4.28
35 error code E404
36 verbose exit [ 1, true ]
